生成启动时间为 2021/6/4 9:09:13。
     1>项目“E:\vs-try\bit_class\cpp_try_21_4_15\try_queue_stack_2\try_queue_stack_2\try_queue_stack_2.vcxproj”在节点 2 上(Build 个目标)。
     1>ClCompile:
         D:\vs2013\VC\bin\CL.exe /c /ZI /nologo /W3 /WX- /sdl /Od /Oy- /D _MBCS /Gm /EHsc /RTC1 /MDd /GS /fp:precise /Zc:wchar_t /Zc:forScope /Fo"Debug\\" /Fd"Debug\vc120.pdb" /Gd /TP /analyze- /errorReport:prompt try_queue_stack_2.cpp
         try_queue_stack_2.cpp
     1>e:\vs-try\bit_class\cpp_try_21_4_15\try_queue_stack_2\try_queue_stack_2\try_queue_stack_2.cpp(324): warning C4018: “<”: 有符号/无符号不匹配
                 e:\vs-try\bit_class\cpp_try_21_4_15\try_queue_stack_2\try_queue_stack_2\try_queue_stack_2.cpp(321): 编译类 模板 成员函数“void PriorityQueue<int,std::vector<int,std::allocator<_Ty>>,Greater<int>>::shiftDown(void)”时
                 with
                 [
                     _Ty=int
                 ]
                 e:\vs-try\bit_class\cpp_try_21_4_15\try_queue_stack_2\try_queue_stack_2\try_queue_stack_2.cpp(375): 参见对正在编译的函数 模板 实例化“void PriorityQueue<int,std::vector<int,std::allocator<_Ty>>,Greater<int>>::shiftDown(void)”的引用
                 with
                 [
                     _Ty=int
                 ]
                 e:\vs-try\bit_class\cpp_try_21_4_15\try_queue_stack_2\try_queue_stack_2\try_queue_stack_2.cpp(402): 参见对正在编译的类 模板 实例化“PriorityQueue<int,std::vector<int,std::allocator<_Ty>>,Greater<int>>”的引用
                 with
                 [
                     _Ty=int
                 ]
     1>e:\vs-try\bit_class\cpp_try_21_4_15\try_queue_stack_2\try_queue_stack_2\try_queue_stack_2.cpp(327): warning C4018: “<”: 有符号/无符号不匹配
       Link:
         D:\vs2013\VC\bin\link.exe /ERRORREPORT:PROMPT /OUT:"E:\vs-try\bit_class\cpp_try_21_4_15\try_queue_stack_2\Debug\try_queue_stack_2.exe" /INCREMENTAL /NOLOGO kernel32.lib user32.lib gdi32.lib winspool.lib comdlg32.lib advapi32.lib shell32.lib ole32.lib oleaut32.lib uuid.lib odbc32.lib odbccp32.lib /MANIFEST /MANIFESTUAC:"level='asInvoker' uiAccess='false'" /manifest:embed /DEBUG /PDB:"E:\vs-try\bit_class\cpp_try_21_4_15\try_queue_stack_2\Debug\try_queue_stack_2.pdb" /TLBID:1 /DYNAMICBASE /NXCOMPAT /IMPLIB:"E:\vs-try\bit_class\cpp_try_21_4_15\try_queue_stack_2\Debug\try_queue_stack_2.lib" /MACHINE:X86 Debug\try_queue_stack_2.obj
         try_queue_stack_2.vcxproj -> E:\vs-try\bit_class\cpp_try_21_4_15\try_queue_stack_2\Debug\try_queue_stack_2.exe
     1>已完成生成项目“E:\vs-try\bit_class\cpp_try_21_4_15\try_queue_stack_2\try_queue_stack_2\try_queue_stack_2.vcxproj”(Build 个目标)的操作。

生成成功。

已用时间 00:00:01.37
