生成启动时间为 2021/1/31 19:43:43。
     1>项目“D:\vs-try\bit_class\try_21_1_18_paixu\paixu\paixu\paixu.vcxproj”在节点 2 上(Build 个目标)。
     1>ClCompile:
         D:\新--VS2013\VC\bin\CL.exe /c /ZI /nologo /W3 /WX- /sdl /Od /Oy- /D _MBCS /Gm /EHsc /RTC1 /MDd /GS /fp:precise /Zc:wchar_t /Zc:forScope /Fo"Debug\\" /Fd"Debug\vc120.pdb" /Gd /TC /analyze- /errorReport:prompt queue.c swap_paixu.c
         swap_paixu.c
     1>d:\vs-try\bit_class\try_21_1_18_paixu\paixu\paixu\swap_paixu.c(268): warning C4020: “quickSortNor2”: 实参太多
         queue.c
         正在生成代码...
     1>d:\vs-try\bit_class\try_21_1_18_paixu\paixu\paixu\queue.c(33): warning C4716: “creatNode”: 必须返回一个值
         D:\新--VS2013\VC\bin\CL.exe /c /ZI /nologo /W3 /WX- /sdl /Od /Oy- /D _MBCS /Gm /EHsc /RTC1 /MDd /GS /fp:precise /Zc:wchar_t /Zc:forScope /Fo"Debug\\" /Fd"Debug\vc120.pdb" /Gd /TP /analyze- /errorReport:prompt seqList.cpp
         seqList.cpp
     1>d:\vs-try\bit_class\try_21_1_18_paixu\paixu\paixu\seqlist.cpp(36): warning C4018: “<”: 有符号/无符号不匹配
     1>d:\vs-try\bit_class\try_21_1_18_paixu\paixu\paixu\seqlist.cpp(48): warning C4018: “>”: 有符号/无符号不匹配
     1>d:\vs-try\bit_class\try_21_1_18_paixu\paixu\paixu\seqlist.cpp(102): warning C4018: “<”: 有符号/无符号不匹配
     1>d:\vs-try\bit_class\try_21_1_18_paixu\paixu\paixu\seqlist.cpp(137): warning C4018: “<”: 有符号/无符号不匹配
     1>d:\vs-try\bit_class\try_21_1_18_paixu\paixu\paixu\seqlist.cpp(147): warning C4018: “>=”: 有符号/无符号不匹配
     1>d:\vs-try\bit_class\try_21_1_18_paixu\paixu\paixu\seqlist.cpp(159): warning C4018: “<=”: 有符号/无符号不匹配
     1>d:\vs-try\bit_class\try_21_1_18_paixu\paixu\paixu\seqlist.cpp(178): warning C4018: “<=”: 有符号/无符号不匹配
     1>d:\vs-try\bit_class\try_21_1_18_paixu\paixu\paixu\seqlist.cpp(181): warning C4018: “<”: 有符号/无符号不匹配
       Link:
         D:\新--VS2013\VC\bin\link.exe /ERRORREPORT:PROMPT /OUT:"D:\vs-try\bit_class\try_21_1_18_paixu\paixu\Debug\paixu.exe" /INCREMENTAL /NOLOGO kernel32.lib user32.lib gdi32.lib winspool.lib comdlg32.lib advapi32.lib shell32.lib ole32.lib oleaut32.lib uuid.lib odbc32.lib odbccp32.lib /MANIFEST /MANIFESTUAC:"level='asInvoker' uiAccess='false'" /manifest:embed /DEBUG /PDB:"D:\vs-try\bit_class\try_21_1_18_paixu\paixu\Debug\paixu.pdb" /TLBID:1 /DYNAMICBASE /NXCOMPAT /IMPLIB:"D:\vs-try\bit_class\try_21_1_18_paixu\paixu\Debug\paixu.lib" /MACHINE:X86 Debug\queue.obj
         Debug\seqList.obj
         Debug\swap_paixu.obj
         paixu.vcxproj -> D:\vs-try\bit_class\try_21_1_18_paixu\paixu\Debug\paixu.exe
     1>已完成生成项目“D:\vs-try\bit_class\try_21_1_18_paixu\paixu\paixu\paixu.vcxproj”(Build 个目标)的操作。

生成成功。

已用时间 00:00:07.35
