生成启动时间为 2021/5/21 22:33:33。
     1>项目“E:\vs-try\bit_class\work_21_5_21_vector\Project1\Project1\Project1.vcxproj”在节点 2 上(Build 个目标)。
     1>ClCompile:
         D:\vs2013\VC\bin\CL.exe /c /ZI /nologo /W3 /WX- /sdl /Od /Oy- /D _MBCS /Gm /EHsc /RTC1 /MDd /GS /fp:precise /Zc:wchar_t /Zc:forScope /Fo"Debug\\" /Fd"Debug\vc120.pdb" /Gd /TP /analyze- /errorReport:prompt work.cpp
         work.cpp
     1>e:\vs-try\bit_class\work_21_5_21_vector\project1\project1\work.cpp(48): warning C4018: “<”: 有符号/无符号不匹配
                 e:\vs-try\bit_class\work_21_5_21_vector\project1\project1\work.cpp(43): 编译类 模板 成员函数“bit::vector<int>::vector(int,const T &)”时
                 with
                 [
                     T=int
                 ]
                 e:\vs-try\bit_class\work_21_5_21_vector\project1\project1\work.cpp(242): 参见对正在编译的函数 模板 实例化“bit::vector<int>::vector(int,const T &)”的引用
                 with
                 [
                     T=int
                 ]
                 e:\vs-try\bit_class\work_21_5_21_vector\project1\project1\work.cpp(242): 参见对正在编译的类 模板 实例化“bit::vector<int>”的引用
     1>e:\vs-try\bit_class\work_21_5_21_vector\project1\project1\work.cpp(83): warning C4018: “<”: 有符号/无符号不匹配
                 e:\vs-try\bit_class\work_21_5_21_vector\project1\project1\work.cpp(78): 编译类 模板 成员函数“bit::vector<char> &bit::vector<char>::operator =(bit::vector<char>)”时
                 e:\vs-try\bit_class\work_21_5_21_vector\project1\project1\work.cpp(264): 参见对正在编译的函数 模板 实例化“bit::vector<char> &bit::vector<char>::operator =(bit::vector<char>)”的引用
                 e:\vs-try\bit_class\work_21_5_21_vector\project1\project1\work.cpp(260): 参见对正在编译的类 模板 实例化“bit::vector<char>”的引用
       Link:
         D:\vs2013\VC\bin\link.exe /ERRORREPORT:PROMPT /OUT:"E:\vs-try\bit_class\work_21_5_21_vector\Project1\Debug\Project1.exe" /INCREMENTAL /NOLOGO kernel32.lib user32.lib gdi32.lib winspool.lib comdlg32.lib advapi32.lib shell32.lib ole32.lib oleaut32.lib uuid.lib odbc32.lib odbccp32.lib /MANIFEST /MANIFESTUAC:"level='asInvoker' uiAccess='false'" /manifest:embed /DEBUG /PDB:"E:\vs-try\bit_class\work_21_5_21_vector\Project1\Debug\Project1.pdb" /TLBID:1 /DYNAMICBASE /NXCOMPAT /IMPLIB:"E:\vs-try\bit_class\work_21_5_21_vector\Project1\Debug\Project1.lib" /MACHINE:X86 Debug\work.obj
         Project1.vcxproj -> E:\vs-try\bit_class\work_21_5_21_vector\Project1\Debug\Project1.exe
     1>已完成生成项目“E:\vs-try\bit_class\work_21_5_21_vector\Project1\Project1\Project1.vcxproj”(Build 个目标)的操作。

生成成功。

已用时间 00:00:01.18
